This is pdfTeX, Version 3.1415926-2.5-1.40.14 (MiKTeX 2.9 64-bit) (preloaded format=pdflatex 2014.9.16)  15 NOV 2014 14:50
entering extended mode
**writeupLab4.tex
(D:\coursework\stat215a\lab4\tex\writeupLab4.tex
LaTeX2e <2011/06/27>
Babel <v3.8m> and hyphenation patterns for english, afrikaans, ancientgreek, ar
abic, armenian, assamese, basque, bengali, bokmal, bulgarian, catalan, coptic, 
croatian, czech, danish, dutch, esperanto, estonian, farsi, finnish, french, ga
lician, german, german-x-2013-05-26, greek, gujarati, hindi, hungarian, iceland
ic, indonesian, interlingua, irish, italian, kannada, kurmanji, latin, latvian,
 lithuanian, malayalam, marathi, mongolian, mongolianlmc, monogreek, ngerman, n
german-x-2013-05-26, nynorsk, oriya, panjabi, pinyin, polish, portuguese, roman
ian, russian, sanskrit, serbian, slovak, slovenian, spanish, swedish, swissgerm
an, tamil, telugu, turkish, turkmen, ukenglish, ukrainian, uppersorbian, usengl
ishmax, welsh, loaded.
("D:\MiKTeX 2.9\tex\latex\base\article.cls"
Document Class: article 2014/09/29 v1.4h Standard LaTeX document class
("D:\MiKTeX 2.9\tex\latex\base\size10.clo"
File: size10.clo 2014/09/29 v1.4h Standard LaTeX file (size option)
)
\c@part=\count79
\c@section=\count80
\c@subsection=\count81
\c@subsubsection=\count82
\c@paragraph=\count83
\c@subparagraph=\count84
\c@figure=\count85
\c@table=\count86
\abovecaptionskip=\skip41
\belowcaptionskip=\skip42
\bibindent=\dimen102
)
("D:\MiKTeX 2.9\tex\latex\graphics\graphicx.sty"
Package: graphicx 2014/04/25 v1.0g Enhanced LaTeX Graphics (DPC,SPQR)

("D:\MiKTeX 2.9\tex\latex\graphics\keyval.sty"
Package: keyval 2014/05/08 v1.15 key=value parser (DPC)
\KV@toks@=\toks14
)
("D:\MiKTeX 2.9\tex\latex\graphics\graphics.sty"
Package: graphics 2009/02/05 v1.0o Standard LaTeX Graphics (DPC,SPQR)

("D:\MiKTeX 2.9\tex\latex\graphics\trig.sty"
Package: trig 1999/03/16 v1.09 sin cos tan (DPC)
)
("D:\MiKTeX 2.9\tex\latex\00miktex\graphics.cfg"
File: graphics.cfg 2007/01/18 v1.5 graphics configuration of teTeX/TeXLive
)
Package graphics Info: Driver file: pdftex.def on input line 91.

("D:\MiKTeX 2.9\tex\latex\pdftex-def\pdftex.def"
File: pdftex.def 2011/05/27 v0.06d Graphics/color for pdfTeX

("D:\MiKTeX 2.9\tex\generic\oberdiek\infwarerr.sty"
Package: infwarerr 2010/04/08 v1.3 Providing info/warning/error messages (HO)
)
("D:\MiKTeX 2.9\tex\generic\oberdiek\ltxcmds.sty"
Package: ltxcmds 2011/11/09 v1.22 LaTeX kernel commands for general use (HO)
)
\Gread@gobject=\count87
))
\Gin@req@height=\dimen103
\Gin@req@width=\dimen104
)
("D:\MiKTeX 2.9\tex\latex\graphics\color.sty"
Package: color 2014/04/23 v1.1a Standard LaTeX Color (DPC)

("D:\MiKTeX 2.9\tex\latex\00miktex\color.cfg"
File: color.cfg 2007/01/18 v1.5 color configuration of teTeX/TeXLive
)
Package color Info: Driver file: pdftex.def on input line 137.
)
(C:\Users\User\AppData\Roaming\MiKTeX\2.9\tex\latex\framed\framed.sty
Package: framed 2011/10/22 v 0.96: framed or shaded text with page breaks
\OuterFrameSep=\skip43
\fb@frw=\dimen105
\fb@frh=\dimen106
\FrameRule=\dimen107
\FrameSep=\dimen108
)
("D:\MiKTeX 2.9\tex\latex\base\textcomp.sty"
Package: textcomp 2005/09/27 v1.99g Standard LaTeX package
Package textcomp Info: Sub-encoding information:
(textcomp)               5 = only ISO-Adobe without \textcurrency
(textcomp)               4 = 5 + \texteuro
(textcomp)               3 = 4 + \textohm
(textcomp)               2 = 3 + \textestimated + \textcurrency
(textcomp)               1 = TS1 - \textcircled - \t
(textcomp)               0 = TS1 (full)
(textcomp)             Font families with sub-encoding setting implement
(textcomp)             only a restricted character set as indicated.
(textcomp)             Family '?' is the default used for unknown fonts.
(textcomp)             See the documentation for details.
Package textcomp Info: Setting ? sub-encoding to TS1/1 on input line 71.

("D:\MiKTeX 2.9\tex\latex\base\ts1enc.def"
File: ts1enc.def 2001/06/05 v3.0e (jk/car/fm) Standard LaTeX file
)
LaTeX Info: Redefining \oldstylenums on input line 266.
Package textcomp Info: Setting cmr sub-encoding to TS1/0 on input line 281.
Package textcomp Info: Setting cmss sub-encoding to TS1/0 on input line 282.
Package textcomp Info: Setting cmtt sub-encoding to TS1/0 on input line 283.
Package textcomp Info: Setting cmvtt sub-encoding to TS1/0 on input line 284.
Package textcomp Info: Setting cmbr sub-encoding to TS1/0 on input line 285.
Package textcomp Info: Setting cmtl sub-encoding to TS1/0 on input line 286.
Package textcomp Info: Setting ccr sub-encoding to TS1/0 on input line 287.
Package textcomp Info: Setting ptm sub-encoding to TS1/4 on input line 288.
Package textcomp Info: Setting pcr sub-encoding to TS1/4 on input line 289.
Package textcomp Info: Setting phv sub-encoding to TS1/4 on input line 290.
Package textcomp Info: Setting ppl sub-encoding to TS1/3 on input line 291.
Package textcomp Info: Setting pag sub-encoding to TS1/4 on input line 292.
Package textcomp Info: Setting pbk sub-encoding to TS1/4 on input line 293.
Package textcomp Info: Setting pnc sub-encoding to TS1/4 on input line 294.
Package textcomp Info: Setting pzc sub-encoding to TS1/4 on input line 295.
Package textcomp Info: Setting bch sub-encoding to TS1/4 on input line 296.
Package textcomp Info: Setting put sub-encoding to TS1/5 on input line 297.
Package textcomp Info: Setting uag sub-encoding to TS1/5 on input line 298.
Package textcomp Info: Setting ugq sub-encoding to TS1/5 on input line 299.
Package textcomp Info: Setting ul8 sub-encoding to TS1/4 on input line 300.
Package textcomp Info: Setting ul9 sub-encoding to TS1/4 on input line 301.
Package textcomp Info: Setting augie sub-encoding to TS1/5 on input line 302.
Package textcomp Info: Setting dayrom sub-encoding to TS1/3 on input line 303.
Package textcomp Info: Setting dayroms sub-encoding to TS1/3 on input line 304.

Package textcomp Info: Setting pxr sub-encoding to TS1/0 on input line 305.
Package textcomp Info: Setting pxss sub-encoding to TS1/0 on input line 306.
Package textcomp Info: Setting pxtt sub-encoding to TS1/0 on input line 307.
Package textcomp Info: Setting txr sub-encoding to TS1/0 on input line 308.
Package textcomp Info: Setting txss sub-encoding to TS1/0 on input line 309.
Package textcomp Info: Setting txtt sub-encoding to TS1/0 on input line 310.
Package textcomp Info: Setting lmr sub-encoding to TS1/0 on input line 311.
Package textcomp Info: Setting lmdh sub-encoding to TS1/0 on input line 312.
Package textcomp Info: Setting lmss sub-encoding to TS1/0 on input line 313.
Package textcomp Info: Setting lmssq sub-encoding to TS1/0 on input line 314.
Package textcomp Info: Setting lmvtt sub-encoding to TS1/0 on input line 315.
Package textcomp Info: Setting qhv sub-encoding to TS1/0 on input line 316.
Package textcomp Info: Setting qag sub-encoding to TS1/0 on input line 317.
Package textcomp Info: Setting qbk sub-encoding to TS1/0 on input line 318.
Package textcomp Info: Setting qcr sub-encoding to TS1/0 on input line 319.
Package textcomp Info: Setting qcs sub-encoding to TS1/0 on input line 320.
Package textcomp Info: Setting qpl sub-encoding to TS1/0 on input line 321.
Package textcomp Info: Setting qtm sub-encoding to TS1/0 on input line 322.
Package textcomp Info: Setting qzc sub-encoding to TS1/0 on input line 323.
Package textcomp Info: Setting qhvc sub-encoding to TS1/0 on input line 324.
Package textcomp Info: Setting futs sub-encoding to TS1/4 on input line 325.
Package textcomp Info: Setting futx sub-encoding to TS1/4 on input line 326.
Package textcomp Info: Setting futj sub-encoding to TS1/4 on input line 327.
Package textcomp Info: Setting hlh sub-encoding to TS1/3 on input line 328.
Package textcomp Info: Setting hls sub-encoding to TS1/3 on input line 329.
Package textcomp Info: Setting hlst sub-encoding to TS1/3 on input line 330.
Package textcomp Info: Setting hlct sub-encoding to TS1/5 on input line 331.
Package textcomp Info: Setting hlx sub-encoding to TS1/5 on input line 332.
Package textcomp Info: Setting hlce sub-encoding to TS1/5 on input line 333.
Package textcomp Info: Setting hlcn sub-encoding to TS1/5 on input line 334.
Package textcomp Info: Setting hlcw sub-encoding to TS1/5 on input line 335.
Package textcomp Info: Setting hlcf sub-encoding to TS1/5 on input line 336.
Package textcomp Info: Setting pplx sub-encoding to TS1/3 on input line 337.
Package textcomp Info: Setting pplj sub-encoding to TS1/3 on input line 338.
Package textcomp Info: Setting ptmx sub-encoding to TS1/4 on input line 339.
Package textcomp Info: Setting ptmj sub-encoding to TS1/4 on input line 340.
)
("D:\MiKTeX 2.9\tex\latex\base\alltt.sty"
Package: alltt 1997/06/16 v2.0g defines alltt environment
)
(C:\Users\User\AppData\Roaming\MiKTeX\2.9\tex\latex\fancyhdr\fancyhdr.sty
\fancy@headwidth=\skip44
\f@ncyO@elh=\skip45
\f@ncyO@erh=\skip46
\f@ncyO@olh=\skip47
\f@ncyO@orh=\skip48
\f@ncyO@elf=\skip49
\f@ncyO@erf=\skip50
\f@ncyO@olf=\skip51
\f@ncyO@orf=\skip52
)
("D:\MiKTeX 2.9\tex\latex\amscls\amsthm.sty"
Package: amsthm 2009/07/02 v2.20.1
\thm@style=\toks15
\thm@bodyfont=\toks16
\thm@headfont=\toks17
\thm@notefont=\toks18
\thm@headpunct=\toks19
\thm@preskip=\skip53
\thm@postskip=\skip54
\thm@headsep=\skip55
\dth@everypar=\toks20
)
("D:\MiKTeX 2.9\tex\latex\amsmath\amsmath.sty"
Package: amsmath 2013/01/14 v2.14 AMS math features
\@mathmargin=\skip56

For additional information on amsmath, use the `?' option.
("D:\MiKTeX 2.9\tex\latex\amsmath\amstext.sty"
Package: amstext 2000/06/29 v2.01

("D:\MiKTeX 2.9\tex\latex\amsmath\amsgen.sty"
File: amsgen.sty 1999/11/30 v2.0
\@emptytoks=\toks21
\ex@=\dimen109
))
("D:\MiKTeX 2.9\tex\latex\amsmath\amsbsy.sty"
Package: amsbsy 1999/11/29 v1.2d
\pmbraise@=\dimen110
)
("D:\MiKTeX 2.9\tex\latex\amsmath\amsopn.sty"
Package: amsopn 1999/12/14 v2.01 operator names
)
\inf@bad=\count88
LaTeX Info: Redefining \frac on input line 210.
\uproot@=\count89
\leftroot@=\count90
LaTeX Info: Redefining \overline on input line 306.
\classnum@=\count91
\DOTSCASE@=\count92
LaTeX Info: Redefining \ldots on input line 378.
LaTeX Info: Redefining \dots on input line 381.
LaTeX Info: Redefining \cdots on input line 466.
\Mathstrutbox@=\box26
\strutbox@=\box27
\big@size=\dimen111
LaTeX Font Info:    Redeclaring font encoding OML on input line 566.
LaTeX Font Info:    Redeclaring font encoding OMS on input line 567.
\macc@depth=\count93
\c@MaxMatrixCols=\count94
\dotsspace@=\muskip10
\c@parentequation=\count95
\dspbrk@lvl=\count96
\tag@help=\toks22
\row@=\count97
\column@=\count98
\maxfields@=\count99
\andhelp@=\toks23
\eqnshift@=\dimen112
\alignsep@=\dimen113
\tagshift@=\dimen114
\tagwidth@=\dimen115
\totwidth@=\dimen116
\lineht@=\dimen117
\@envbody=\toks24
\multlinegap=\skip57
\multlinetaggap=\skip58
\mathdisplay@stack=\toks25
LaTeX Info: Redefining \[ on input line 2665.
LaTeX Info: Redefining \] on input line 2666.
)
(C:\Users\User\AppData\Roaming\MiKTeX\2.9\tex\latex\wrapfig\wrapfig.sty
\wrapoverhang=\dimen118
\WF@size=\dimen119
\c@WF@wrappedlines=\count100
\WF@box=\box28
\WF@everypar=\toks26
Package: wrapfig 2003/01/31  v 3.6
)
("D:\MiKTeX 2.9\tex\latex\float\float.sty"
Package: float 2001/11/08 v1.3d Float enhancements (AL)
\c@float@type=\count101
\float@exts=\toks27
\float@box=\box29
\@float@everytoks=\toks28
\@floatcapt=\box30
)
(C:\Users\User\AppData\Roaming\MiKTeX\2.9\tex\latex\caption\caption.sty
Package: caption 2013/05/02 v3.3-89 Customizing captions (AR)

(C:\Users\User\AppData\Roaming\MiKTeX\2.9\tex\latex\caption\caption3.sty
Package: caption3 2013/05/02 v1.6-88 caption3 kernel (AR)
Package caption3 Info: TeX engine: e-TeX on input line 57.
\captionmargin=\dimen120
\captionmargin@=\dimen121
\captionwidth=\dimen122
\caption@tempdima=\dimen123
\caption@indent=\dimen124
\caption@parindent=\dimen125
\caption@hangindent=\dimen126
)
\c@ContinuedFloat=\count102
Package caption Info: float package is loaded.
Package caption Info: wrapfig package is loaded.
)
(C:\Users\User\AppData\Roaming\MiKTeX\2.9\tex\latex\caption\subcaption.sty
Package: subcaption 2013/02/03 v1.1-62 Sub-captions (AR)
\c@subfigure=\count103
\c@subtable=\count104
)
("D:\MiKTeX 2.9\tex\latex\geometry\geometry.sty"
Package: geometry 2010/09/12 v5.6 Page Geometry

("D:\MiKTeX 2.9\tex\generic\oberdiek\ifpdf.sty"
Package: ifpdf 2011/01/30 v2.3 Provides the ifpdf switch (HO)
Package ifpdf Info: pdfTeX in PDF mode is detected.
)
("D:\MiKTeX 2.9\tex\generic\oberdiek\ifvtex.sty"
Package: ifvtex 2010/03/01 v1.5 Detect VTeX and its facilities (HO)
Package ifvtex Info: VTeX not detected.
)
("D:\MiKTeX 2.9\tex\generic\ifxetex\ifxetex.sty"
Package: ifxetex 2010/09/12 v0.6 Provides ifxetex conditional
)
\Gm@cnth=\count105
\Gm@cntv=\count106
\c@Gm@tempcnt=\count107
\Gm@bindingoffset=\dimen127
\Gm@wd@mp=\dimen128
\Gm@odd@mp=\dimen129
\Gm@even@mp=\dimen130
\Gm@layoutwidth=\dimen131
\Gm@layoutheight=\dimen132
\Gm@layouthoffset=\dimen133
\Gm@layoutvoffset=\dimen134
\Gm@dimlist=\toks29

("D:\MiKTeX 2.9\tex\latex\geometry\geometry.cfg"))
(C:\Users\User\AppData\Roaming\MiKTeX\2.9\tex\latex\upquote\upquote.sty
Package: upquote 2012/04/19 v1.3 upright-quote and grave-accent glyphs in verba
tim
)
\c@corollary=\count108
\c@theorem=\count109
\c@example=\count110
\c@question=\count111
\c@remark=\count112
\c@conjecture=\count113
\c@proposition=\count114
\c@definition=\count115

(D:\coursework\stat215a\lab4\tex\writeupLab4.aux

LaTeX Warning: Label `' multiply defined.


LaTeX Warning: Label `' multiply defined.


LaTeX Warning: Label `' multiply defined.


LaTeX Warning: Label `' multiply defined.


LaTeX Warning: Label `' multiply defined.


LaTeX Warning: Label `' multiply defined.

)
LaTeX Font Info:    Checking defaults for OML/cmm/m/it on input line 83.
LaTeX Font Info:    ... okay on input line 83.
LaTeX Font Info:    Checking defaults for T1/cmr/m/n on input line 83.
LaTeX Font Info:    ... okay on input line 83.
LaTeX Font Info:    Checking defaults for OT1/cmr/m/n on input line 83.
LaTeX Font Info:    ... okay on input line 83.
LaTeX Font Info:    Checking defaults for OMS/cmsy/m/n on input line 83.
LaTeX Font Info:    ... okay on input line 83.
LaTeX Font Info:    Checking defaults for OMX/cmex/m/n on input line 83.
LaTeX Font Info:    ... okay on input line 83.
LaTeX Font Info:    Checking defaults for U/cmr/m/n on input line 83.
LaTeX Font Info:    ... okay on input line 83.
LaTeX Font Info:    Checking defaults for TS1/cmr/m/n on input line 83.
LaTeX Font Info:    Try loading font information for TS1+cmr on input line 83.
 ("D:\MiKTeX 2.9\tex\latex\base\ts1cmr.fd"
File: ts1cmr.fd 2014/09/29 v2.5h Standard LaTeX font definitions
)
LaTeX Font Info:    ... okay on input line 83.

(C:\Users\User\AppData\Roaming\MiKTeX\2.9\tex\context\base\supp-pdf.mkii
[Loading MPS to PDF converter (version 2006.09.02).]
\scratchcounter=\count116
\scratchdimen=\dimen135
\scratchbox=\box31
\nofMPsegments=\count117
\nofMParguments=\count118
\everyMPshowfont=\toks30
\MPscratchCnt=\count119
\MPscratchDim=\dimen136
\MPnumerator=\count120
\makeMPintoPDFobject=\count121
\everyMPtoPDFconversion=\toks31
)
Package caption Info: Begin \AtBeginDocument code.
Package caption Info: End \AtBeginDocument code.

*geometry* driver: auto-detecting
*geometry* detected driver: pdftex
*geometry* verbose mode - [ preamble ] result:
* driver: pdftex
* paper: <default>
* layout: <same size as paper>
* layoutoffset:(h,v)=(0.0pt,0.0pt)
* modes: 
* h-part:(L,W,R)=(68.65627pt, 476.98247pt, 68.65627pt)
* v-part:(T,H,B)=(68.65627pt, 657.65746pt, 68.65627pt)
* \paperwidth=614.295pt
* \paperheight=794.96999pt
* \textwidth=476.98247pt
* \textheight=657.65746pt
* \oddsidemargin=-3.61372pt
* \evensidemargin=-3.61372pt
* \topmargin=-40.61372pt
* \headheight=12.0pt
* \headsep=25.0pt
* \topskip=10.0pt
* \footskip=30.0pt
* \marginparwidth=65.0pt
* \marginparsep=11.0pt
* \columnsep=10.0pt
* \skip\footins=9.0pt plus 4.0pt minus 2.0pt
* \hoffset=0.0pt
* \voffset=0.0pt
* \mag=1000
* \@twocolumnfalse
* \@twosidefalse
* \@mparswitchfalse
* \@reversemarginfalse
* (1in=72.27pt=25.4mm, 1cm=28.453pt)

Missing character: There is no ¬ in font cmr10!
Missing character: There is no Ä in font cmr10!
Missing character: There is no ¬ in font cmr10!
Missing character: There is no ù in font cmr10!
Missing character: There is no ¬ in font cmr10!
Missing character: There is no Ä in font cmr10!
Missing character: There is no ¬ in font cmr10!
Missing character: There is no ù in font cmr10!
<../figures/RAWEDA.png, id=1, 697.60625pt x 588.1975pt>
File: ../figures/RAWEDA.png Graphic file (type png)

<use ../figures/RAWEDA.png>
Package pdftex.def Info: ../figures/RAWEDA.png used on input line 106.
(pdftex.def)             Requested size: 512.17558pt x 128.03064pt.

Overfull \hbox (35.19312pt too wide) in paragraph at lines 106--107
[][] 
 []

[1

{C:/Users/User/AppData/Local/MiKTeX/2.9/pdftex/config/pdftex.map}]
<../figures/EXPERTSEDA.png, id=13, 703.62875pt x 588.1975pt>
File: ../figures/EXPERTSEDA.png Graphic file (type png)

<use ../figures/EXPERTSEDA.png>
Package pdftex.def Info: ../figures/EXPERTSEDA.png used on input line 111.
(pdftex.def)             Requested size: 512.1416pt x 128.03064pt.

Overfull \hbox (35.15913pt too wide) in paragraph at lines 111--112
[][] 
 []

<../figures/NDAI1.png, id=14, 481.8pt x 481.8pt>
File: ../figures/NDAI1.png Graphic file (type png)
 <use ../figures/NDAI1.png>
Package pdftex.def Info: ../figures/NDAI1.png used on input line 120.
(pdftex.def)             Requested size: 152.63528pt x 99.99736pt.

Overfull \hbox (3.94185pt too wide) in paragraph at lines 120--121
[]\OT1/cmr/m/n/10 s[] 
 []

<../figures/NDAI2.png, id=15, 481.8pt x 481.8pt>
File: ../figures/NDAI2.png Graphic file (type png)
 <use ../figures/NDAI2.png>
Package pdftex.def Info: ../figures/NDAI2.png used on input line 123.
(pdftex.def)             Requested size: 152.63528pt x 99.99736pt.

Overfull \hbox (3.94185pt too wide) in paragraph at lines 123--124
[]\OT1/cmr/m/n/10 s[] 
 []

<../figures/NDAI3.png, id=16, 481.8pt x 481.8pt>
File: ../figures/NDAI3.png Graphic file (type png)
 <use ../figures/NDAI3.png>
Package pdftex.def Info: ../figures/NDAI3.png used on input line 126.
(pdftex.def)             Requested size: 152.63528pt x 99.99736pt.

Overfull \hbox (3.94185pt too wide) in paragraph at lines 126--127
[]\OT1/cmr/m/n/10 s[] 
 []

[2 <D:/coursework/stat215a/lab4/figures/RAWEDA.png> <D:/coursework/stat215a/lab
4/figures/EXPERTSEDA.png>] <../figures/SD1.png, id=23, 481.8pt x 481.8pt>
File: ../figures/SD1.png Graphic file (type png)

<use ../figures/SD1.png>
Package pdftex.def Info: ../figures/SD1.png used on input line 133.
(pdftex.def)             Requested size: 152.63528pt x 99.99736pt.

Overfull \hbox (3.94185pt too wide) in paragraph at lines 133--134
[]\OT1/cmr/m/n/10 s[] 
 []

<../figures/SD2.png, id=24, 481.8pt x 481.8pt>
File: ../figures/SD2.png Graphic file (type png)
 <use ../figures/SD2.png>
Package pdftex.def Info: ../figures/SD2.png used on input line 136.
(pdftex.def)             Requested size: 152.63528pt x 99.99736pt.

Overfull \hbox (3.94185pt too wide) in paragraph at lines 136--137
[]\OT1/cmr/m/n/10 s[] 
 []

<../figures/SD3.png, id=25, 481.8pt x 481.8pt>
File: ../figures/SD3.png Graphic file (type png)
 <use ../figures/SD3.png>
Package pdftex.def Info: ../figures/SD3.png used on input line 139.
(pdftex.def)             Requested size: 152.63528pt x 99.99736pt.

Overfull \hbox (3.94185pt too wide) in paragraph at lines 139--140
[]\OT1/cmr/m/n/10 s[] 
 []

<../figures/CORR1.png, id=26, 481.8pt x 481.8pt>
File: ../figures/CORR1.png Graphic file (type png)
 <use ../figures/CORR1.png>
Package pdftex.def Info: ../figures/CORR1.png used on input line 146.
(pdftex.def)             Requested size: 152.63528pt x 99.99736pt.

Overfull \hbox (3.94185pt too wide) in paragraph at lines 146--147
[]\OT1/cmr/m/n/10 s[] 
 []

<../figures/CORR2.png, id=27, 481.8pt x 481.8pt>
File: ../figures/CORR2.png Graphic file (type png)
 <use ../figures/CORR2.png>
Package pdftex.def Info: ../figures/CORR2.png used on input line 150.
(pdftex.def)             Requested size: 152.63528pt x 99.99736pt.

Overfull \hbox (3.94185pt too wide) in paragraph at lines 150--151
[]\OT1/cmr/m/n/10 s[] 
 []

<../figures/CORR3.png, id=28, 481.8pt x 481.8pt>
File: ../figures/CORR3.png Graphic file (type png)
 <use ../figures/CORR3.png>
Package pdftex.def Info: ../figures/CORR3.png used on input line 153.
(pdftex.def)             Requested size: 152.63528pt x 99.99736pt.

Overfull \hbox (3.94185pt too wide) in paragraph at lines 153--154
[]\OT1/cmr/m/n/10 s[] 
 []

<../figures/CORR_vs_NDAI.png, id=29, 361.35pt x 361.35pt>
File: ../figures/CORR_vs_NDAI.png Graphic file (type png)

<use ../figures/CORR_vs_NDAI.png>
Package pdftex.def Info: ../figures/CORR_vs_NDAI.png used on input line 162.
(pdftex.def)             Requested size: 143.09619pt x 143.09283pt.

<../figures/CORR_vs_SD.png, id=30, 361.35pt x 361.35pt>
File: ../figures/CORR_vs_SD.png Graphic file (type png)

<use ../figures/CORR_vs_SD.png>
Package pdftex.def Info: ../figures/CORR_vs_SD.png used on input line 167.
(pdftex.def)             Requested size: 143.09619pt x 143.09283pt.

<../figures/NDAI_vs_SD.png, id=31, 361.35pt x 361.35pt>
File: ../figures/NDAI_vs_SD.png Graphic file (type png)

<use ../figures/NDAI_vs_SD.png>
Package pdftex.def Info: ../figures/NDAI_vs_SD.png used on input line 172.
(pdftex.def)             Requested size: 143.09619pt x 143.09283pt.
 [3 <D:/coursework/stat215a/lab4/figures/NDAI1.png> <D:/coursework/stat215a/lab
4/figures/NDAI2.png> <D:/coursework/stat215a/lab4/figures/NDAI3.png> <D:/course
work/stat215a/lab4/figures/SD1.png> <D:/coursework/stat215a/lab4/figures/SD2.pn
g> <D:/coursework/stat215a/lab4/figures/SD3.png> <D:/coursework/stat215a/lab4/f
igures/CORR1.png> <D:/coursework/stat215a/lab4/figures/CORR2.png> <D:/coursewor
k/stat215a/lab4/figures/CORR3.png> <D:/coursework/stat215a/lab4/figures/CORR_vs
_NDAI.png (PNG copy)> <D:/coursework/stat215a/lab4/figures/CORR_vs_SD.png (PNG 
copy)> <D:/coursework/stat215a/lab4/figures/NDAI_vs_SD.png (PNG copy)>]
<../figures/NDAIEDA.png, id=45, 697.60625pt x 588.1975pt>
File: ../figures/NDAIEDA.png Graphic file (type png)

<use ../figures/NDAIEDA.png>
Package pdftex.def Info: ../figures/NDAIEDA.png used on input line 184.
(pdftex.def)             Requested size: 512.17558pt x 128.03064pt.

Overfull \hbox (35.19312pt too wide) in paragraph at lines 184--185
[][] 
 []

<../figures/SDEDA.png, id=46, 697.60625pt x 588.1975pt>
File: ../figures/SDEDA.png Graphic file (type png)

<use ../figures/SDEDA.png>
Package pdftex.def Info: ../figures/SDEDA.png used on input line 189.
(pdftex.def)             Requested size: 512.17558pt x 128.03064pt.

Overfull \hbox (35.19312pt too wide) in paragraph at lines 189--190
[][] 
 []

<../figures/CORREDA.png, id=47, 697.60625pt x 588.1975pt>
File: ../figures/CORREDA.png Graphic file (type png)

<use ../figures/CORREDA.png>
Package pdftex.def Info: ../figures/CORREDA.png used on input line 194.
(pdftex.def)             Requested size: 512.17558pt x 128.03064pt.

Overfull \hbox (35.19312pt too wide) in paragraph at lines 194--195
[][] 
 []

<../figures/ANEDA.png, id=48, 657.45625pt x 507.8975pt>
File: ../figures/ANEDA.png Graphic file (type png)

<use ../figures/ANEDA.png>
Package pdftex.def Info: ../figures/ANEDA.png used on input line 201.
(pdftex.def)             Requested size: 92.46458pt x 92.47159pt.

<../figures/AFEDA.png, id=49, 657.45625pt x 507.8975pt>
File: ../figures/AFEDA.png Graphic file (type png)

<use ../figures/AFEDA.png>
Package pdftex.def Info: ../figures/AFEDA.png used on input line 202.
(pdftex.def)             Requested size: 92.46458pt x 92.47159pt.

<../figures/BFEDA.png, id=50, 657.45625pt x 507.8975pt>
File: ../figures/BFEDA.png Graphic file (type png)

<use ../figures/BFEDA.png>
Package pdftex.def Info: ../figures/BFEDA.png used on input line 203.
(pdftex.def)             Requested size: 92.46458pt x 92.47159pt.

<../figures/CFEDA.png, id=51, 657.45625pt x 507.8975pt>
File: ../figures/CFEDA.png Graphic file (type png)

<use ../figures/CFEDA.png>
Package pdftex.def Info: ../figures/CFEDA.png used on input line 204.
(pdftex.def)             Requested size: 92.46458pt x 92.47159pt.

<../figures/DFEDA.png, id=52, 657.45625pt x 507.8975pt>
File: ../figures/DFEDA.png Graphic file (type png)

<use ../figures/DFEDA.png>
Package pdftex.def Info: ../figures/DFEDA.png used on input line 205.
(pdftex.def)             Requested size: 92.46458pt x 92.47159pt.
 [4 <D:/coursework/stat215a/lab4/figures/NDAIEDA.png> <D:/coursework/stat215a/l
ab4/figures/SDEDA.png> <D:/coursework/stat215a/lab4/figures/CORREDA.png>]
<../figures/ROC_12_folds_DA.png, id=59, 361.35pt x 361.35pt>
File: ../figures/ROC_12_folds_DA.png Graphic file (type png)

<use ../figures/ROC_12_folds_DA.png>
Package pdftex.def Info: ../figures/ROC_12_folds_DA.png used on input line 214.

(pdftex.def)             Requested size: 143.09619pt x 143.09283pt.

<../figures/AUC_12_folds_DA.png, id=60, 361.35pt x 361.35pt>
File: ../figures/AUC_12_folds_DA.png Graphic file (type png)

<use ../figures/AUC_12_folds_DA.png>
Package pdftex.def Info: ../figures/AUC_12_folds_DA.png used on input line 219.

(pdftex.def)             Requested size: 143.09619pt x 143.09283pt.

<../figures/AUC_difference.png, id=61, 361.35pt x 361.35pt>
File: ../figures/AUC_difference.png Graphic file (type png)

<use ../figures/AUC_difference.png>
Package pdftex.def Info: ../figures/AUC_difference.png used on input line 224.
(pdftex.def)             Requested size: 143.09619pt x 143.09283pt.
 [5 <D:/coursework/stat215a/lab4/figures/ANEDA.png> <D:/coursework/stat215a/lab
4/figures/AFEDA.png> <D:/coursework/stat215a/lab4/figures/BFEDA.png> <D:/course
work/stat215a/lab4/figures/CFEDA.png> <D:/coursework/stat215a/lab4/figures/DFED
A.png> <D:/coursework/stat215a/lab4/figures/ROC_12_folds_DA.png> <D:/coursework
/stat215a/lab4/figures/AUC_12_folds_DA.png> <D:/coursework/stat215a/lab4/figure
s/AUC_difference.png>]
<../figures/qda1_12fold_conf.png, id=80, 361.35pt x 361.35pt>
File: ../figures/qda1_12fold_conf.png Graphic file (type png)

<use ../figures/qda1_12fold_conf.png>
Package pdftex.def Info: ../figures/qda1_12fold_conf.png used on input line 246
.
(pdftex.def)             Requested size: 143.09619pt x 143.09283pt.

<../figures/qda2_12fold_conf.png, id=81, 361.35pt x 361.35pt>
File: ../figures/qda2_12fold_conf.png Graphic file (type png)

<use ../figures/qda2_12fold_conf.png>
Package pdftex.def Info: ../figures/qda2_12fold_conf.png used on input line 250
.
(pdftex.def)             Requested size: 143.09619pt x 143.09283pt.

<../figures/qda3_12fold_conf.png, id=82, 361.35pt x 361.35pt>
File: ../figures/qda3_12fold_conf.png Graphic file (type png)

<use ../figures/qda3_12fold_conf.png>
Package pdftex.def Info: ../figures/qda3_12fold_conf.png used on input line 254
.
(pdftex.def)             Requested size: 143.09619pt x 143.09283pt.

<../figures/qda1_prob.png, id=83, 361.35pt x 361.35pt>
File: ../figures/qda1_prob.png Graphic file (type png)

<use ../figures/qda1_prob.png>
Package pdftex.def Info: ../figures/qda1_prob.png used on input line 264.
(pdftex.def)             Requested size: 143.09619pt x 143.09283pt.

<../figures/qda2_prob.png, id=84, 361.35pt x 361.35pt>
File: ../figures/qda2_prob.png Graphic file (type png)

<use ../figures/qda2_prob.png>
Package pdftex.def Info: ../figures/qda2_prob.png used on input line 268.
(pdftex.def)             Requested size: 143.09619pt x 143.09283pt.

<../figures/qda3_prob.png, id=85, 361.35pt x 361.35pt>
File: ../figures/qda3_prob.png Graphic file (type png)

<use ../figures/qda3_prob.png>
Package pdftex.def Info: ../figures/qda3_prob.png used on input line 272.
(pdftex.def)             Requested size: 143.09619pt x 143.09283pt.
 [6 <D:/coursework/stat215a/lab4/figures/qda1_12fold_conf.png> <D:/coursework/s
tat215a/lab4/figures/qda2_12fold_conf.png> <D:/coursework/stat215a/lab4/figures
/qda3_12fold_conf.png> <D:/coursework/stat215a/lab4/figures/qda1_prob.png (PNG 
copy)> <D:/coursework/stat215a/lab4/figures/qda2_prob.png (PNG copy)> <D:/cours
ework/stat215a/lab4/figures/qda3_prob.png (PNG copy)>] <../figures/threshold.pn
g, id=92, 657.45625pt x 507.8975pt>
File: ../figures/threshold.png Graphic file (type png)

<use ../figures/threshold.png>
Package pdftex.def Info: ../figures/threshold.png used on input line 288.
(pdftex.def)             Requested size: 230.11313pt x 177.76678pt.

<../figures/LogitClassification.png, id=93, 703.62875pt x 588.1975pt>
File: ../figures/LogitClassification.png Graphic file (type png)

<use ../figures/LogitClassification.png>
Package pdftex.def Info: ../figures/LogitClassification.png used on input line 
295.
(pdftex.def)             Requested size: 512.1416pt x 142.26524pt.

Overfull \hbox (35.15913pt too wide) in paragraph at lines 295--296
[][] 
 []

<../figures/LogitProbabilities.png, id=94, 703.62875pt x 588.1975pt>
File: ../figures/LogitProbabilities.png Graphic file (type png)

<use ../figures/LogitProbabilities.png>
Package pdftex.def Info: ../figures/LogitProbabilities.png used on input line 3
01.
(pdftex.def)             Requested size: 512.1416pt x 142.26524pt.

Overfull \hbox (35.15913pt too wide) in paragraph at lines 301--302
[][] 
 []

[7 <D:/coursework/stat215a/lab4/figures/threshold.png> <D:/coursework/stat215a/
lab4/figures/LogitClassification.png>]
<../figures/ClassificationOutcomes.png, id=101, 789.95125pt x 588.1975pt>
File: ../figures/ClassificationOutcomes.png Graphic file (type png)

<use ../figures/ClassificationOutcomes.png>
Package pdftex.def Info: ../figures/ClassificationOutcomes.png used on input li
ne 306.
(pdftex.def)             Requested size: 512.14838pt x 142.26524pt.

Overfull \hbox (35.16591pt too wide) in paragraph at lines 306--307
[][] 
 []

<../figures/LogitROC.png, id=102, 657.45625pt x 513.92pt>
File: ../figures/LogitROC.png Graphic file (type png)

<use ../figures/LogitROC.png>
Package pdftex.def Info: ../figures/LogitROC.png used on input line 315.
(pdftex.def)             Requested size: 166.94676pt x 130.49501pt.

<../figures/ParameterConvergence.png, id=103, 657.45625pt x 507.8975pt>
File: ../figures/ParameterConvergence.png Graphic file (type png)

<use ../figures/ParameterConvergence.png>
Package pdftex.def Info: ../figures/ParameterConvergence.png used on input line
 319.
(pdftex.def)             Requested size: 166.94676pt x 128.96577pt.


LaTeX Warning: `h' float specifier changed to `ht'.

[8 <D:/coursework/stat215a/lab4/figures/LogitProbabilities.png> <D:/coursework/
stat215a/lab4/figures/ClassificationOutcomes.png>]
Underfull \hbox (badness 10000) in paragraph at lines 333--334

 []

<../figures/AUC_12_folds.png, id=109, 173.64874pt x 247.92625pt>
File: ../figures/AUC_12_folds.png Graphic file (type png)

<use ../figures/AUC_12_folds.png>
Package pdftex.def Info: ../figures/AUC_12_folds.png used on input line 337.
(pdftex.def)             Requested size: 95.39845pt x 150.00151pt.

Overfull \hbox (3.94786pt too wide) in paragraph at lines 337--338
[]\OT1/cmr/m/n/10 s[] 
 []

<../figures/ROC_fold_comparison.png, id=110, 481.8pt x 481.8pt>
File: ../figures/ROC_fold_comparison.png Graphic file (type png)

<use ../figures/ROC_fold_comparison.png>
Package pdftex.def Info: ../figures/ROC_fold_comparison.png used on input line 
340.
(pdftex.def)             Requested size: 381.5956pt x 149.99605pt.

Overfull \hbox (3.95262pt too wide) in paragraph at lines 340--341
[]\OT1/cmr/m/n/10 s[] 
 []

<../figures/ROC_image9.pdf, id=111, 505.89pt x 505.89pt>
File: ../figures/ROC_image9.pdf Graphic file (type pdf)

<use ../figures/ROC_image9.pdf>
Package pdftex.def Info: ../figures/ROC_image9.pdf used on input line 349.
(pdftex.def)             Requested size: 143.09944pt x 99.99515pt.

Overfull \hbox (3.9477pt too wide) in paragraph at lines 349--350
[]\OT1/cmr/m/n/10 s[] 
 []

<../figures/ROC_image1.pdf, id=112, 505.89pt x 505.89pt>
File: ../figures/ROC_image1.pdf Graphic file (type pdf)

<use ../figures/ROC_image1.pdf>
Package pdftex.def Info: ../figures/ROC_image1.pdf used on input line 353.
(pdftex.def)             Requested size: 143.09944pt x 99.99515pt.

Overfull \hbox (3.9477pt too wide) in paragraph at lines 353--354
[]\OT1/cmr/m/n/10 s[] 
 []

<../figures/ROC_image5.pdf, id=113, 505.89pt x 505.89pt>
File: ../figures/ROC_image5.pdf Graphic file (type pdf)

<use ../figures/ROC_image5.pdf>
Package pdftex.def Info: ../figures/ROC_image5.pdf used on input line 357.
(pdftex.def)             Requested size: 143.09944pt x 99.99515pt.

Overfull \hbox (3.9477pt too wide) in paragraph at lines 357--358
[]\OT1/cmr/m/n/10 s[] 
 []

[9 <D:/coursework/stat215a/lab4/figures/LogitROC.png> <D:/coursework/stat215a/l
ab4/figures/ParameterConvergence.png> <D:/coursework/stat215a/lab4/figures/AUC_
12_folds.png> <D:/coursework/stat215a/lab4/figures/ROC_fold_comparison.png>]
<../figures/classification_image1.png, id=121, 481.8pt x 481.8pt>
File: ../figures/classification_image1.png Graphic file (type png)

<use ../figures/classification_image1.png>
Package pdftex.def Info: ../figures/classification_image1.png used on input lin
e 368.
(pdftex.def)             Requested size: 252.79439pt x 169.99992pt.

Overfull \hbox (3.9387pt too wide) in paragraph at lines 368--369
[]\OT1/cmr/m/n/10 s[] 
 []

<../figures/NDAI_image1.png, id=122, 481.8pt x 481.8pt>
File: ../figures/NDAI_image1.png Graphic file (type png)

<use ../figures/NDAI_image1.png>
Package pdftex.def Info: ../figures/NDAI_image1.png used on input line 371.
(pdftex.def)             Requested size: 224.1817pt x 169.99992pt.

Overfull \hbox (3.94382pt too wide) in paragraph at lines 371--372
[]\OT1/cmr/m/n/10 s[] 
 []

<../figures/classification_image3.png, id=123, 481.8pt x 481.8pt>
File: ../figures/classification_image3.png Graphic file (type png)

<use ../figures/classification_image3.png>
Package pdftex.def Info: ../figures/classification_image3.png used on input lin
e 378.
(pdftex.def)             Requested size: 252.79439pt x 169.99992pt.

Overfull \hbox (3.9387pt too wide) in paragraph at lines 378--379
[]\OT1/cmr/m/n/10 s[] 
 []

<../figures/NDAI_image3.png, id=124, 481.8pt x 481.8pt>
File: ../figures/NDAI_image3.png Graphic file (type png)

<use ../figures/NDAI_image3.png>
Package pdftex.def Info: ../figures/NDAI_image3.png used on input line 381.
(pdftex.def)             Requested size: 224.1817pt x 169.99992pt.

Overfull \hbox (3.94382pt too wide) in paragraph at lines 381--382
[]\OT1/cmr/m/n/10 s[] 
 []


Underfull \hbox (badness 10000) in paragraph at lines 386--388

 []

[10 <D:/coursework/stat215a/lab4/figures/ROC_image9.pdf> <D:/coursework/stat215
a/lab4/figures/ROC_image1.pdf> <D:/coursework/stat215a/lab4/figures/ROC_image5.
pdf> <D:/coursework/stat215a/lab4/figures/classification_image1.png> <D:/course
work/stat215a/lab4/figures/NDAI_image1.png> <D:/coursework/stat215a/lab4/figure
s/classification_image3.png> <D:/coursework/stat215a/lab4/figures/NDAI_image3.p
ng>] <../figures/ROC_converge1.pdf, id=148, 505.89pt x 505.89pt>
File: ../figures/ROC_converge1.pdf Graphic file (type pdf)

<use ../figures/ROC_converge1.pdf>
Package pdftex.def Info: ../figures/ROC_converge1.pdf used on input line 391.
(pdftex.def)             Requested size: 238.49393pt x 170.00102pt.

Overfull \hbox (3.94714pt too wide) in paragraph at lines 391--392
[]\OT1/cmr/m/n/10 s[] 
 []

<../figures/AUCconverge.png, id=149, 481.8pt x 481.8pt>
File: ../figures/AUCconverge.png Graphic file (type png)

<use ../figures/AUCconverge.png>
Package pdftex.def Info: ../figures/AUCconverge.png used on input line 396.
(pdftex.def)             Requested size: 238.48805pt x 169.99992pt.

Overfull \hbox (3.94127pt too wide) in paragraph at lines 396--397
[]\OT1/cmr/m/n/10 s[] 
 []

<../figures/ROC_converge_shuffle1.pdf, id=150, 505.89pt x 505.89pt>
File: ../figures/ROC_converge_shuffle1.pdf Graphic file (type pdf)

<use ../figures/ROC_converge_shuffle1.pdf>
Package pdftex.def Info: ../figures/ROC_converge_shuffle1.pdf used on input lin
e 404.
(pdftex.def)             Requested size: 238.49393pt x 170.00102pt.

Overfull \hbox (3.94714pt too wide) in paragraph at lines 404--405
[]\OT1/cmr/m/n/10 s[] 
 []

<../figures/ROC_converge_shuffle2.pdf, id=151, 505.89pt x 505.89pt>
File: ../figures/ROC_converge_shuffle2.pdf Graphic file (type pdf)

<use ../figures/ROC_converge_shuffle2.pdf>
Package pdftex.def Info: ../figures/ROC_converge_shuffle2.pdf used on input lin
e 407.
(pdftex.def)             Requested size: 238.49393pt x 170.00102pt.

Overfull \hbox (3.94714pt too wide) in paragraph at lines 407--408
[]\OT1/cmr/m/n/10 s[] 
 []


Underfull \hbox (badness 10000) in paragraph at lines 412--413

 []

<../figures/Gini_mean_sd.png, id=152, 389.455pt x 185.69376pt>
File: ../figures/Gini_mean_sd.png Graphic file (type png)

<use ../figures/Gini_mean_sd.png>
Package pdftex.def Info: ../figures/Gini_mean_sd.png used on input line 416.
(pdftex.def)             Requested size: 190.78706pt x 140.00383pt.

Overfull \hbox (3.94144pt too wide) in paragraph at lines 416--417
[]\OT1/cmr/m/n/10 s[] 
 []

<../figures/Gini_importance.png, id=153, 481.8pt x 481.8pt>
File: ../figures/Gini_importance.png Graphic file (type png)

<use ../figures/Gini_importance.png>
Package pdftex.def Info: ../figures/Gini_importance.png used on input line 419.

(pdftex.def)             Requested size: 286.20036pt x 179.9982pt.

Overfull \hbox (3.95242pt too wide) in paragraph at lines 419--420
[]\OT1/cmr/m/n/10 s[] 
 []

[11 <D:/coursework/stat215a/lab4/figures/ROC_converge1.pdf> <D:/coursework/stat
215a/lab4/figures/AUCconverge.png> <D:/coursework/stat215a/lab4/figures/ROC_con
verge_shuffle1.pdf> <D:/coursework/stat215a/lab4/figures/ROC_converge_shuffle2.
pdf>] [12 <D:/coursework/stat215a/lab4/figures/Gini_mean_sd.png> <D:/coursework
/stat215a/lab4/figures/Gini_importance.png>]
(D:\coursework\stat215a\lab4\tex\writeupLab4.aux)

LaTeX Warning: There were multiply-defined labels.

 ) 
Here is how much of TeX's memory you used:
 4567 strings out of 493921
 68793 string characters out of 3152899
 123941 words of memory out of 3000000
 7763 multiletter control sequences out of 15000+200000
 10010 words of font info for 36 fonts, out of 3000000 for 9000
 841 hyphenation exceptions out of 8191
 36i,11n,43p,1430b,454s stack positions out of 5000i,500n,10000p,200000b,50000s
 <C:\Users\User\AppData\Local\MiKTeX\2.9\fonts\pk\ljfour\jknappen\ec\dpi600\t
crm1000.pk><D:/MiKTeX 2.9/fonts/type1/public/amsfonts/cm/cmbx10.pfb><D:/MiKTeX 
2.9/fonts/type1/public/amsfonts/cm/cmbx12.pfb><D:/MiKTeX 2.9/fonts/type1/public
/amsfonts/cm/cmmi10.pfb><D:/MiKTeX 2.9/fonts/type1/public/amsfonts/cm/cmmi5.pfb
><D:/MiKTeX 2.9/fonts/type1/public/amsfonts/cm/cmmi7.pfb><D:/MiKTeX 2.9/fonts/t
ype1/public/amsfonts/cm/cmr10.pfb><D:/MiKTeX 2.9/fonts/type1/public/amsfonts/cm
/cmr12.pfb><D:/MiKTeX 2.9/fonts/type1/public/amsfonts/cm/cmr17.pfb><D:/MiKTeX 2
.9/fonts/type1/public/amsfonts/cm/cmr5.pfb><D:/MiKTeX 2.9/fonts/type1/public/am
sfonts/cm/cmr7.pfb><D:/MiKTeX 2.9/fonts/type1/public/amsfonts/cm/cmr9.pfb><D:/M
iKTeX 2.9/fonts/type1/public/amsfonts/cm/cmsl10.pfb><D:/MiKTeX 2.9/fonts/type1/
public/amsfonts/cm/cmsy10.pfb><D:/MiKTeX 2.9/fonts/type1/public/amsfonts/cm/cms
y5.pfb><D:/MiKTeX 2.9/fonts/type1/public/amsfonts/cm/cmsy7.pfb>
Output written on writeupLab4.pdf (12 pages, 5949628 bytes).
PDF statistics:
 235 PDF objects out of 1000 (max. 8388607)
 0 named destinations out of 1000 (max. 500000)
 261 words of extra memory for PDF output out of 10000 (max. 10000000)

